# JRE version: Java(TM) SE Runtime Environment (8.0_181-b13) (build 1.8.0_181-b13)
# Java VM: Java HotSpot(TM) 64-Bit Server VM (25.181-b13 mixed mode windows-amd64 compressed oops)
Heap:
 PSYoungGen      total 292352K, used 243880K [0x00000000eab00000, 0x00000000ffb00000, 0x0000000100000000)
  eden space 246784K, 89% used [0x00000000eab00000,0x00000000f8379680,0x00000000f9c00000)
  from space 45568K, 48% used [0x00000000fce80000,0x00000000fe430ac0,0x00000000ffb00000)
  to   space 48640K, 0% used [0x00000000f9c00000,0x00000000f9c00000,0x00000000fcb80000)
 ParOldGen       total 112640K, used 65919K [0x00000000c0000000, 0x00000000c6e00000, 0x00000000eab00000)
  object space 112640K, 58% used [0x00000000c0000000,0x00000000c405fc68,0x00000000c6e00000)
 Metaspace       used 30586K, capacity 30908K, committed 31104K, reserved 1075200K
  class space    used 4281K, capacity 4416K, committed 4480K, reserved 1048576K
GC Heap History (10 events):
Event: 373.527 GC heap before
{Heap before GC invocations=41 (full 2):
 PSYoungGen      total 299520K, used 299498K [0x00000000eab00000, 0x0000000100000000, 0x0000000100000000)
  eden space 268288K, 100% used [0x00000000eab00000,0x00000000fb100000,0x00000000fb100000)
  from space 31232K, 99% used [0x00000000fe180000,0x00000000ffffab88,0x0000000100000000)
  to   space 40448K, 0% used [0x00000000fb100000,0x00000000fb100000,0x00000000fd880000)
 ParOldGen       total 78336K, used 65086K [0x00000000c0000000, 0x00000000c4c80000, 0x00000000eab00000)
  object space 78336K, 83% used [0x00000000c0000000,0x00000000c3f8fbc0,0x00000000c4c80000)
 Metaspace       used 30202K, capacity 30556K, committed 30848K, reserved 1075200K
  class space    used 4241K, capacity 4384K, committed 4480K, reserved 1048576K
Event: 373.566 GC heap after
Heap after GC invocations=41 (full 2):
 PSYoungGen      total 308736K, used 40422K [0x00000000eab00000, 0x0000000100000000, 0x0000000100000000)
  eden space 268288K, 0% used [0x00000000eab00000,0x00000000eab00000,0x00000000fb100000)
  from space 40448K, 99% used [0x00000000fb100000,0x00000000fd8799f8,0x00000000fd880000)
  to   space 40448K, 0% used [0x00000000fd880000,0x00000000fd880000,0x0000000100000000)
 ParOldGen       total 78336K, used 67670K [0x00000000c0000000, 0x00000000c4c80000, 0x00000000eab00000)
  object space 78336K, 86% used [0x00000000c0000000,0x00000000c4215bc0,0x00000000c4c80000)
 Metaspace       used 30202K, capacity 30556K, committed 30848K, reserved 1075200K
  class space    used 4241K, capacity 4384K, committed 4480K, reserved 1048576K
}
Event: 374.794 GC heap before
{Heap before GC invocations=42 (full 2):
 PSYoungGen      total 308736K, used 308710K [0x00000000eab00000, 0x0000000100000000, 0x0000000100000000)
  eden space 268288K, 100% used [0x00000000eab00000,0x00000000fb100000,0x00000000fb100000)
  from space 40448K, 99% used [0x00000000fb100000,0x00000000fd8799f8,0x00000000fd880000)
  to   space 40448K, 0% used [0x00000000fd880000,0x00000000fd880000,0x0000000100000000)
 ParOldGen       total 78336K, used 67670K [0x00000000c0000000, 0x00000000c4c80000, 0x00000000eab00000)
  object space 78336K, 86% used [0x00000000c0000000,0x00000000c4215bc0,0x00000000c4c80000)
 Metaspace       used 30204K, capacity 30556K, committed 30848K, reserved 1075200K
  class space    used 4241K, capacity 4384K, committed 4480K, reserved 1048576K
Event: 374.831 GC heap after
Heap after GC invocations=42 (full 2):
 PSYoungGen      total 286208K, used 40447K [0x00000000eab00000, 0x0000000100000000, 0x0000000100000000)
  eden space 245760K, 0% used [0x00000000eab00000,0x00000000eab00000,0x00000000f9b00000)
  from space 40448K, 99% used [0x00000000fd880000,0x00000000ffffff40,0x0000000100000000)
  to   space 51712K, 0% used [0x00000000f9b00000,0x00000000f9b00000,0x00000000fcd80000)
 ParOldGen       total 78336K, used 70454K [0x00000000c0000000, 0x00000000c4c80000, 0x00000000eab00000)
  object space 78336K, 89% used [0x00000000c0000000,0x00000000c44cdbd0,0x00000000c4c80000)
 Metaspace       used 30204K, capacity 30556K, committed 30848K, reserved 1075200K
  class space    used 4241K, capacity 4384K, committed 4480K, reserved 1048576K
}
Event: 374.832 GC heap before
{Heap before GC invocations=43 (full 3):
 PSYoungGen      total 286208K, used 40447K [0x00000000eab00000, 0x0000000100000000, 0x0000000100000000)
  eden space 245760K, 0% used [0x00000000eab00000,0x00000000eab00000,0x00000000f9b00000)
  from space 40448K, 99% used [0x00000000fd880000,0x00000000ffffff40,0x0000000100000000)
  to   space 51712K, 0% used [0x00000000f9b00000,0x00000000f9b00000,0x00000000fcd80000)
 ParOldGen       total 78336K, used 70454K [0x00000000c0000000, 0x00000000c4c80000, 0x00000000eab00000)
  object space 78336K, 89% used [0x00000000c0000000,0x00000000c44cdbd0,0x00000000c4c80000)
 Metaspace       used 30204K, capacity 30556K, committed 30848K, reserved 1075200K
  class space    used 4241K, capacity 4384K, committed 4480K, reserved 1048576K
Event: 375.124 GC heap after
Heap after GC invocations=43 (full 3):
 PSYoungGen      total 286208K, used 0K [0x00000000eab00000, 0x0000000100000000, 0x0000000100000000)
  eden space 245760K, 0% used [0x00000000eab00000,0x00000000eab00000,0x00000000f9b00000)
  from space 40448K, 0% used [0x00000000fd880000,0x00000000fd880000,0x0000000100000000)
  to   space 51712K, 0% used [0x00000000f9b00000,0x00000000f9b00000,0x00000000fcd80000)
 ParOldGen       total 112640K, used 65903K [0x00000000c0000000, 0x00000000c6e00000, 0x00000000eab00000)
  object space 112640K, 58% used [0x00000000c0000000,0x00000000c405bc68,0x00000000c6e00000)
 Metaspace       used 30204K, capacity 30556K, committed 30848K, reserved 1075200K
  class space    used 4241K, capacity 4384K, committed 4480K, reserved 1048576K
}
Event: 396.785 GC heap before
{Heap before GC invocations=44 (full 3):
 PSYoungGen      total 286208K, used 245760K [0x00000000eab00000, 0x0000000100000000, 0x0000000100000000)
  eden space 245760K, 100% used [0x00000000eab00000,0x00000000f9b00000,0x00000000f9b00000)
  from space 40448K, 0% used [0x00000000fd880000,0x00000000fd880000,0x0000000100000000)
  to   space 51712K, 0% used [0x00000000f9b00000,0x00000000f9b00000,0x00000000fcd80000)
 ParOldGen       total 112640K, used 65903K [0x00000000c0000000, 0x00000000c6e00000, 0x00000000eab00000)
  object space 112640K, 58% used [0x00000000c0000000,0x00000000c405bc68,0x00000000c6e00000)
 Metaspace       used 30216K, capacity 30556K, committed 30848K, reserved 1075200K
  class space    used 4241K, capacity 4384K, committed 4480K, reserved 1048576K
Event: 396.799 GC heap after
Heap after GC invocations=44 (full 3):
 PSYoungGen      total 297472K, used 15624K [0x00000000eab00000, 0x0000000100000000, 0x0000000100000000)
  eden space 245760K, 0% used [0x00000000eab00000,0x00000000eab00000,0x00000000f9b00000)
  from space 51712K, 30% used [0x00000000f9b00000,0x00000000faa42218,0x00000000fcd80000)
  to   space 50688K, 0% used [0x00000000fce80000,0x00000000fce80000,0x0000000100000000)
 ParOldGen       total 112640K, used 65911K [0x00000000c0000000, 0x00000000c6e00000, 0x00000000eab00000)
  object space 112640K, 58% used [0x00000000c0000000,0x00000000c405dc68,0x00000000c6e00000)
 Metaspace       used 30216K, capacity 30556K, committed 30848K, reserved 1075200K
  class space    used 4241K, capacity 4384K, committed 4480K, reserved 1048576K
}
Event: 613.007 GC heap before
{Heap before GC invocations=45 (full 3):
 PSYoungGen      total 297472K, used 261384K [0x00000000eab00000, 0x0000000100000000, 0x0000000100000000)
  eden space 245760K, 100% used [0x00000000eab00000,0x00000000f9b00000,0x00000000f9b00000)
  from space 51712K, 30% used [0x00000000f9b00000,0x00000000faa42218,0x00000000fcd80000)
  to   space 50688K, 0% used [0x00000000fce80000,0x00000000fce80000,0x0000000100000000)
 ParOldGen       total 112640K, used 65911K [0x00000000c0000000, 0x00000000c6e00000, 0x00000000eab00000)
  object space 112640K, 58% used [0x00000000c0000000,0x00000000c405dc68,0x00000000c6e00000)
 Metaspace       used 30228K, capacity 30556K, committed 30848K, reserved 1075200K
  class space    used 4241K, capacity 4384K, committed 4480K, reserved 1048576K
Event: 613.028 GC heap after
Heap after GC invocations=45 (full 3):
 PSYoungGen      total 292352K, used 22210K [0x00000000eab00000, 0x00000000ffb00000, 0x0000000100000000)
  eden space 246784K, 0% used [0x00000000eab00000,0x00000000eab00000,0x00000000f9c00000)
  from space 45568K, 48% used [0x00000000fce80000,0x00000000fe430ac0,0x00000000ffb00000)
  to   space 48640K, 0% used [0x00000000f9c00000,0x00000000f9c00000,0x00000000fcb80000)
 ParOldGen       total 112640K, used 65919K [0x00000000c0000000, 0x00000000c6e00000, 0x00000000eab00000)
  object space 112640K, 58% used [0x00000000c0000000,0x00000000c405fc68,0x00000000c6e00000)
 Metaspace       used 30228K, capacity 30556K, committed 30848K, reserved 1075200K
  class space    used 4241K, capacity 4384K, committed 4480K, reserved 1048576K
}

