<?xml version="1.0" encoding="UTF-8"?>
<testng-results skipped="0" failed="0" ignored="0" total="1" passed="1">
  <reporter-output>
  </reporter-output>
  <suite name="Default suite" duration-ms="9724" started-at="2018-10-31T03:03:23Z" finished-at="2018-10-31T03:03:32Z">
    <groups>
    </groups>
    <test name="Default test" duration-ms="9724" started-at="2018-10-31T03:03:23Z" finished-at="2018-10-31T03:03:32Z">
      <class name="Driver.Driver_Script">
        <test-method status="PASS" signature="beforeMethod()[pri:0, instance:Driver.Driver_Script@64bf3bbf]" name="beforeMethod" is-config="true" duration-ms="748" started-at="2018-10-31T03:03:23Z" finished-at="2018-10-31T03:03:23Z">
          <reporter-output>
          </reporter-output>
        </test-method> <!-- beforeMethod -->
        <test-method status="PASS" signature="f()[pri:0, instance:Driver.Driver_Script@64bf3bbf]" name="f" duration-ms="8944" started-at="2018-10-31T03:03:23Z" finished-at="2018-10-31T03:03:32Z">
          <reporter-output>
          </reporter-output>
        </test-method> <!-- f -->
        <test-method status="PASS" signature="afterMethod()[pri:0, instance:Driver.Driver_Script@64bf3bbf]" name="afterMethod" is-config="true" duration-ms="0" started-at="2018-10-31T03:03:32Z" finished-at="2018-10-31T03:03:32Z">
          <reporter-output>
          </reporter-output>
        </test-method> <!-- afterMethod -->
      </class> <!-- Driver.Driver_Script -->
    </test> <!-- Default test -->
  </suite> <!-- Default suite -->
</testng-results>
